<?xml version="1.0" encoding="UTF-8"?>
<testsuites>
<testsuite name="TestResults" errors="0" tests="6" failures="2" time="0.0">
<testcase classname="TaskMultipleSingleFailTests.TaskMultipleSingleFailTests" name="testAdd" time="0.0">
<failure message="failed"></failure>
</testcase>
<testcase classname="TaskMultipleSingleFailTests.TaskSecondSuite" name="testAdd_2" time="0.0">
<failure message="failed"></failure>
</testcase>
<testcase classname="TaskMultipleSingleFailTests.TaskSecondSuite" name="testMul_2" time="0.0">
</testcase>
<testcase classname="TaskMultipleSingleFailTests.TaskMultipleSingleFailTests" name="testSub" time="0.0">
</testcase>
<testcase classname="TaskMultipleSingleFailTests.TaskMultipleSingleFailTests" name="testMul" time="0.0">
</testcase>
<testcase classname="TaskMultipleSingleFailTests.TaskSecondSuite" name="testSub_2" time="0.0">
</testcase>
</testsuite>
</testsuites>
